Removed Pin From Net: NetName=GND Pin=C5-2
Removed Pin From Net: NetName=GND Pin=C6-2
Removed Pin From Net: NetName=GND Pin=C12-2
Removed Pin From Net: NetName=GND Pin=C13-2
Removed Pin From Net: NetName=GND Pin=C14-2
Removed Pin From Net: NetName=GND Pin=C15-2
Removed Pin From Net: NetName=GND Pin=P2-1
Removed Pin From Net: NetName=GND Pin=P2-2
Removed Pin From Net: NetName=SDA Pin=P2-6
Removed Pin From Net: NetName=SCL Pin=P2-8
Removed Pin From Net: NetName=NetR1_1 Pin=R1-1
Removed Pin From Net: NetName=NetC16_1 Pin=R1-2
Removed Pin From Net: NetName=NetR3_1 Pin=R3-1
Removed Pin From Net: NetName=NetC16_1 Pin=R3-2
Removed Pin From Net: NetName=NetR4_1 Pin=R4-1
Removed Pin From Net: NetName=NetC16_1 Pin=R4-2
Removed Pin From Net: NetName=3v0 Pin=R9-2
Removed Pin From Net: NetName=NetS2_3 Pin=S2-3
Removed Pin From Net: NetName=NetC18_1 Pin=S3-3
Removed Pin From Net: NetName=NetR5_1 Pin=S4-3
Removed Pin From Net: NetName=3v0 Pin=S5-2
Removed Pin From Net: NetName=NetC20_1 Pin=S5-3
Removed Pin From Net: NetName=GND Pin=U1-18
Removed Pin From Net: NetName=NetC16_1 Pin=U3-1
Removed Pin From Net: NetName=GND Pin=U3-2
Removed Pin From Net: NetName=NetR1_1 Pin=U3-3
Removed Pin From Net: NetName=NetC16_1 Pin=U5-1
Removed Pin From Net: NetName=GND Pin=U5-2
Removed Pin From Net: NetName=NetR3_1 Pin=U5-3
Removed Pin From Net: NetName=GND Pin=U6-1
Removed Pin From Net: NetName=3v0 Pin=U6-2
Removed Pin From Net: NetName=NetC16_1 Pin=U8-1
Removed Pin From Net: NetName=GND Pin=U8-2
Removed Pin From Net: NetName=NetR4_1 Pin=U8-3
Removed Pin From Net: NetName=NetD2_3 Pin=U9-25
Removed Pin From Net: NetName=NetD2_2 Pin=U9-26
Removed Pin From Net: NetName=NetD2_1 Pin=U9-27
Removed Member From Class: ClassName=Microcontroller Member=C5
Removed Member From Class: ClassName=Microcontroller Member=C6
Removed Member From Class: ClassName=Microcontroller Member=C8
Removed Member From Class: ClassName=Microcontroller Member=C12
Removed Member From Class: ClassName=Microcontroller Member=C13
Removed Member From Class: ClassName=Microcontroller Member=C14
Removed Member From Class: ClassName=Microcontroller Member=C15
Removed Member From Class: ClassName=Microcontroller Member=C18
Removed Member From Class: ClassName=Microcontroller Member=C19
Removed Member From Class: ClassName=Microcontroller Member=J1
Removed Member From Class: ClassName=Microcontroller Member=L1
Removed Member From Class: ClassName=Microcontroller Member=P2
Removed Member From Class: ClassName=Microcontroller Member=R5
Removed Member From Class: ClassName=Microcontroller Member=R8
Removed Member From Class: ClassName=Microcontroller Member=R9
Removed Member From Class: ClassName=Microcontroller Member=S3
Removed Member From Class: ClassName=Microcontroller Member=S4
Removed Member From Class: ClassName=Microcontroller Member=T1
Removed Member From Class: ClassName=Microcontroller Member=T3
Removed Member From Class: ClassName=Microcontroller Member=T4
Removed Member From Class: ClassName=Microcontroller Member=T5
Removed Member From Class: ClassName=Microcontroller Member=U3
Removed Member From Class: ClassName=Microcontroller Member=U5
Removed Member From Class: ClassName=Microcontroller Member=U7
Removed Member From Class: ClassName=Microcontroller Member=U8
Change Component Comment : Designator=U6 Old Comment=MS5837-02BA21 New Comment=MS563702BA03-50
Change Component Designator: OldDesignator=C4 NewDesignator=C5
Change Component Designator: OldDesignator=C8 NewDesignator=C6
Change Component Designator: OldDesignator=C18 NewDesignator=C8
Change Component Designator: OldDesignator=C19 NewDesignator=C12
Change Component Designator: OldDesignator=T3 NewDesignator=T1
Change Component Designator: OldDesignator=U7 NewDesignator=U3
Change component parameters: Designator = "L1" ("L1"); Footprint = "4426R-9"; UniqueID = "\DHLBPNXH" ("\DHLBPNXH")
Change component parameters (AddParameter): Name = "Case/Package"; Value = "0402"; VariantName = "[No Variations]"
Change component parameters (AddParameter): Name = "Manufacturer"; Value = "Murata"; VariantName = "[No Variations]"
Change component parameters (AddParameter): Name = "Manufacturer PartNo"; Value = "LQG15HS27NJ02D"; VariantName = "[No Variations]"
Change component parameters (AddParameter): Name = "Tolerance"; Value = "+/-5%"; VariantName = "[No Variations]"
Change component parameters (AddParameter): Name = "Value"; Value = "27nH"; VariantName = "[No Variations]"
Change component parameters: Designator = "R6" ("R6"); Footprint = "0603 (Resistor)"; UniqueID = "\ABEVWETS" ("\ABEVWETS")
Change component parameters (AddParameter): Name = "Case/Package"; Value = "0603"; VariantName = "[No Variations]"
Change component parameters (AddParameter): Name = "Manufacturer"; Value = "Vishay Dale"; VariantName = "[No Variations]"
Change component parameters (AddParameter): Name = "Manufacturer PartNo"; Value = "CRCW06031K50FKEAHP"; VariantName = "[No Variations]"
Change component parameters (AddParameter): Name = "Tolerance"; Value = "+/-1%"; VariantName = "[No Variations]"
Change component parameters (AddParameter): Name = "Value"; Value = "20"; VariantName = "[No Variations]"
Change component parameters: Designator = "U6" ("U6"); Footprint = "MS5837-30BA"; UniqueID = "\PPVFWCOO" ("\PPVFWCOO")
Change component parameters (AddParameter): Name = "Case/Package"; Value = "SMD/SMT"; VariantName = "[No Variations]"
Change component parameters (AddParameter): Name = "ComponentLink1Description"; Value = "https://www.te.com/commerce/DocumentDelivery/DDEController?Action=srchrtrv&amp;DocNm=MS5837-02BA01&amp;DocType=DS&amp;DocLang=English&src-supplier=Digi-Key"; VariantName = "[No Variations]"
Change component parameters (AddParameter): Name = "ComponentLink1URL"; Value = "https://www.te.com/commerce/DocumentDelivery/DDEController?Action=srchrtrv&amp;DocNm=MS5837-02BA01&amp;DocType=DS&amp;DocLang=English&src-supplier=Digi-Key"; VariantName = "[No Variations]"
Change component parameters (AddParameter): Name = "Manufacturer"; Value = "TE Connectivity"; VariantName = "[No Variations]"
Change component parameters (AddParameter): Name = "Manufacturer Part Number"; Value = "MS5837-02BA21"; VariantName = "[No Variations]"
Change component parameters (AddParameter): Name = "Max Operating Temperature"; Value = "85°C"; VariantName = "[No Variations]"
Change component parameters (AddParameter): Name = "Max Pressure"; Value = "145.04PSI"; VariantName = "[No Variations]"
Change component parameters (AddParameter): Name = "Min Operating Temperature"; Value = "-20°C"; VariantName = "[No Variations]"
Change component parameters (AddParameter): Name = "Operating Pressure"; Value = "17.4PSI"; VariantName = "[No Variations]"
Change component parameters (AddParameter): Name = "Output Type"; Value = "I2C"; VariantName = "[No Variations]"
Change component parameters (AddParameter): Name = "Port Style"; Value = "No Port"; VariantName = "[No Variations]"
Change component parameters (AddParameter): Name = "Pressure Type"; Value = "Absolute"; VariantName = "[No Variations]"
Change component parameters (AddParameter): Name = "Pricing 1"; Value = "1=12.98000, 5=11.38800, 10=10.24900, 25=9.11040, 50=8.42700, 100=7.28820, 500=6.83264, 1000=6.37714 (USD)"; VariantName = "[No Variations]"
Change component parameters (AddParameter): Name = "RoHS"; Value = "No"; VariantName = "[No Variations]"
Change component parameters (AddParameter): Name = "RoHS Compliant"; Value = "Yes"; VariantName = "[No Variations]"
Change component parameters (AddParameter): Name = "Stock 1"; Value = "5173"; VariantName = "[No Variations]"
Change component parameters (AddParameter): Name = "Supplier 1"; Value = "Digi-Key"; VariantName = "[No Variations]"
Change component parameters (AddParameter): Name = "Termination"; Value = "SMD/SMT"; VariantName = "[No Variations]"
Added Component: Designator=C4(0603 (Capacitor))
Add component (AddParameter): Name = "Case/Package"; Value = "0603"; VariantName = "[No Variations]"
Add component (AddParameter): Name = "Manufacturer"; Value = "Murata"; VariantName = "[No Variations]"
Add component (AddParameter): Name = "Manufacturer PartNo"; Value = "GRM188R72A104KA35D"; VariantName = "[No Variations]"
Add component (AddParameter): Name = "Tolerance"; Value = "+/-10%"; VariantName = "[No Variations]"
Add component (AddParameter): Name = "Value"; Value = "100nF"; VariantName = "[No Variations]"
Added Component: Designator=R1(0603 (Resistor))
Add component (AddParameter): Name = "Case/Package"; Value = "0603"; VariantName = "[No Variations]"
Add component (AddParameter): Name = "Manufacturer"; Value = "Vishay Dale"; VariantName = "[No Variations]"
Add component (AddParameter): Name = "Manufacturer PartNo"; Value = "CRCW060310K0FKEAHP"; VariantName = "[No Variations]"
Add component (AddParameter): Name = "Tolerance"; Value = "+/-1%"; VariantName = "[No Variations]"
Add component (AddParameter): Name = "Value"; Value = "60"; VariantName = "[No Variations]"
Added Component: Designator=R3(0603 (Resistor))
Add component (AddParameter): Name = "Case/Package"; Value = "0603"; VariantName = "[No Variations]"
Add component (AddParameter): Name = "Manufacturer"; Value = "Vishay Dale"; VariantName = "[No Variations]"
Add component (AddParameter): Name = "Manufacturer PartNo"; Value = "CRCW060310K0FKEAHP"; VariantName = "[No Variations]"
Add component (AddParameter): Name = "Tolerance"; Value = "+/-1%"; VariantName = "[No Variations]"
Add component (AddParameter): Name = "Value"; Value = "10"; VariantName = "[No Variations]"
Added Component: Designator=R4(0603 (Resistor))
Add component (AddParameter): Name = "Case/Package"; Value = "0603"; VariantName = "[No Variations]"
Add component (AddParameter): Name = "Manufacturer"; Value = "Vishay Dale"; VariantName = "[No Variations]"
Add component (AddParameter): Name = "Manufacturer PartNo"; Value = "CRCW060310K0FKEAHP"; VariantName = "[No Variations]"
Add component (AddParameter): Name = "Tolerance"; Value = "+/-1%"; VariantName = "[No Variations]"
Add component (AddParameter): Name = "Value"; Value = "10"; VariantName = "[No Variations]"
Added Pin To Net: NetName=GND Pin=C4-1
Added Pin To Net: NetName=NetS2_3 Pin=C4-2
Added Pin To Net: NetName=3v0 Pin=C5-1
Added Pin To Net: NetName=3v0 Pin=D2-4
Added Pin To Net: NetName=3v0 Pin=L1-1
Added Pin To Net: NetName=NetR1_1 Pin=R1-1
Added Pin To Net: NetName=NetD2_1 Pin=R1-2
Added Pin To Net: NetName=NetR3_1 Pin=R3-1
Added Pin To Net: NetName=NetD2_3 Pin=R3-2
Added Pin To Net: NetName=NetR4_1 Pin=R4-1
Added Pin To Net: NetName=NetD2_2 Pin=R4-2
Added Pin To Net: NetName=3v0 Pin=R10-2
Added Pin To Net: NetName=3v0 Pin=R11-2
Added Pin To Net: NetName=GND Pin=S1-1
Added Pin To Net: NetName=3v0 Pin=S1-3
Added Pin To Net: NetName=GND Pin=S2-1
Added Pin To Net: NetName=NetS2_3 Pin=S2-2
Added Pin To Net: NetName=3v0 Pin=S2-3
Added Pin To Net: NetName=GND Pin=S3-1
Added Pin To Net: NetName=NetC18_1 Pin=S3-2
Added Pin To Net: NetName=3v0 Pin=S3-3
Added Pin To Net: NetName=GND Pin=S4-1
Added Pin To Net: NetName=NetR5_1 Pin=S4-2
Added Pin To Net: NetName=GND Pin=S5-1
Added Pin To Net: NetName=NetC20_1 Pin=S5-2
Added Pin To Net: NetName=3v0 Pin=S5-3
Added Pin To Net: NetName=3v0 Pin=U2-5
Added Pin To Net: NetName=GND Pin=U2-8
Added Pin To Net: NetName=3v0 Pin=U6-1
Added Pin To Net: NetName=SDA Pin=U6-2
Added Pin To Net: NetName=SCL Pin=U6-3
Added Pin To Net: NetName=GND Pin=U6-4
Added Pin To Net: NetName=NetR3_1 Pin=U9-24
Added Pin To Net: NetName=NetR4_1 Pin=U9-25
Added Pin To Net: NetName=NetR1_1 Pin=U9-26
Change Net Name : Old Net Name=JTAG_CLK New Net Name=NetPROG1_7
Change Net Name : Old Net Name=JTAG_IN New Net Name=NetPROG1_3
Change Net Name : Old Net Name=JTAG_OUT New Net Name=NetPROG1_1
Change Net Name : Old Net Name=JTAG_STATE New Net Name=NetPROG1_5
Change Net Name : Old Net Name=NetC8_1 New Net Name=NetC6_1
Change Net Name : Old Net Name=NetC8_2 New Net Name=NetC6_2
Change Net Name : Old Net Name=NetC18_1 New Net Name=NetC8_1
Change Net Name : Old Net Name=NetS2_3 New Net Name=NetC4_2
Change Net Name : Old Net Name=NetT3_1 New Net Name=NetT1_1
Change Net Name : Old Net Name=SCL New Net Name=NetR10_1
Change Net Name : Old Net Name=SD_CLK New Net Name=NetP3_3
Change Net Name : Old Net Name=SD_CS New Net Name=NetP3_4
Change Net Name : Old Net Name=SD_DI New Net Name=NetP3_2
Change Net Name : Old Net Name=SD_DO New Net Name=NetP3_1
Change Net Name : Old Net Name=SDA New Net Name=NetR11_1
Added Pin To Net: NetName=NetU3_1 Pin=U3-1
Added Pin To Net: NetName=NetU3_1 Pin=U9-21
Added Net: Name=NetU3_1
Added Pin To Net: NetName=NetU3_20 Pin=U3-20
Added Pin To Net: NetName=NetU3_20 Pin=U9-36
Added Net: Name=NetU3_20
Added Pin To Net: NetName=NetU3_32 Pin=U3-32
Added Pin To Net: NetName=NetU3_32 Pin=U9-20
Added Net: Name=NetU3_32
Added Class: Name=GNNS_Module
